This file contains any messages produced by compilers while
running configure, to aid debugging if configure makes a mistake.

configure:609: checking for correct TEA configuration
configure:690: checking for Tcl configuration
configure:764: checking for existence of /usr/lib/tclConfig.sh
configure:863: checking for Cygwin environment
configure:879: cc -c   conftest.c 1>&5
configure: In function `main':
configure:875: error: `__CYGWIN32__' undeclared (first use in this function)
configure:875: error: (Each undeclared identifier is reported only once
configure:875: error: for each function it appears in.)
configure: failed program was:
#line 868 "configure"
#include "confdefs.h"

int main() {

#ifndef __CYGWIN__
#define __CYGWIN__ __CYGWIN32__
#endif
return __CYGWIN__;
; return 0; }
configure:896: checking for mingw32 environment
configure:908: cc -c   conftest.c 1>&5
configure: In function `main':
configure:904: error: `__MINGW32__' undeclared (first use in this function)
configure:904: error: (Each undeclared identifier is reported only once
configure:904: error: for each function it appears in.)
configure: failed program was:
#line 901 "configure"
#include "confdefs.h"

int main() {
return __MINGW32__;
; return 0; }
configure:925: checking how to run the C preprocessor
configure:946: cc -E  conftest.c >/dev/null 2>conftest.out
configure:1014: checking for gcc
configure:1127: checking whether the C compiler (gcc  ) works
configure:1143: gcc -o conftest    conftest.c  1>&5
configure:1169: checking whether the C compiler (gcc  ) is a cross-compiler
configure:1174: checking whether we are using GNU C
configure:1183: gcc -E conftest.c
configure:1202: checking whether gcc accepts -g
configure:1241: checking if the compiler understands -pipe
configure:1252: gcc -pipe -c   conftest.c 1>&5
configure:1277: checking for a BSD compatible install
configure:1335: checking whether make sets ${MAKE}
configure:1369: checking for ranlib
configure:1402: checking for object suffix
configure:1408: gcc -pipe -c   conftest.c 1>&5
configure:1428: checking for executable suffix
configure:1438: gcc -pipe -o conftest    conftest.c  1>&5
configure:1465: checking for required early compiler flags
configure:1479: gcc -pipe -c   conftest.c 1>&5
configure:1529: gcc -pipe -c   conftest.c 1>&5
configure: In function `main':
configure:1525: error: storage size of 'buf' isn't known
configure: failed program was:
#line 1522 "configure"
#include "confdefs.h"
#include <sys/stat.h>
int main() {
struct stat64 buf; int i = stat64("/", &buf);
; return 0; }
configure:1545: gcc -pipe -c   conftest.c 1>&5
configure:1575: checking for 64-bit integer type
configure:1588: gcc -pipe -c   conftest.c 1>&5
configure: In function `main':
configure:1584: error: `__int64' undeclared (first use in this function)
configure:1584: error: (Each undeclared identifier is reported only once
configure:1584: error: for each function it appears in.)
configure:1584: error: syntax error before "value"
configure: failed program was:
#line 1581 "configure"
#include "confdefs.h"

int main() {
__int64 value = (__int64) 0;
; return 0; }
configure:1606: gcc -pipe -o conftest    conftest.c  1>&5
configure:1631: checking for struct dirent64
configure:1645: gcc -pipe -c   conftest.c 1>&5
configure:1639:24: sys/dirent.h: No such file or directory
configure: In function `main':
configure:1641: error: storage size of 'p' isn't known
configure: failed program was:
#line 1637 "configure"
#include "confdefs.h"
#include <sys/types.h>
#include <sys/dirent.h>
int main() {
struct dirent64 p;
; return 0; }
configure:1666: checking for struct stat64
configure:1680: gcc -pipe -c   conftest.c 1>&5
configure:1701: checking for off64_t
configure:1715: gcc -pipe -c   conftest.c 1>&5
configure:1740: checking dirent.h
configure:1768: gcc -pipe -o conftest    conftest.c  1>&5
configure:1789: checking for errno.h
configure:1799: cc -E  conftest.c >/dev/null 2>conftest.out
configure:1826: checking for float.h
configure:1836: cc -E  conftest.c >/dev/null 2>conftest.out
configure:1863: checking for values.h
configure:1873: cc -E  conftest.c >/dev/null 2>conftest.out
configure:1900: checking for limits.h
configure:1910: cc -E  conftest.c >/dev/null 2>conftest.out
configure:1937: checking for stdlib.h
configure:1947: cc -E  conftest.c >/dev/null 2>conftest.out
configure:2019: checking for string.h
configure:2029: cc -E  conftest.c >/dev/null 2>conftest.out
configure:2092: checking for sys/wait.h
configure:2102: cc -E  conftest.c >/dev/null 2>conftest.out
configure:2129: checking for dlfcn.h
configure:2139: cc -E  conftest.c >/dev/null 2>conftest.out
configure:2171: checking for unistd.h
configure:2181: cc -E  conftest.c >/dev/null 2>conftest.out
configure:2171: checking for sys/param.h
configure:2181: cc -E  conftest.c >/dev/null 2>conftest.out
configure:2211: checking for strtod
configure:2239: gcc -pipe -o conftest    conftest.c  1>&5
configure:2261: checking for Solaris2.4/Tru64 strtod bugs
configure:2286: gcc -pipe -o conftest    conftest.c  1>&5
configure:2324: checking for Tcl public headers
configure:2808: checking for building with threads
configure:2846: checking how to build libraries
configure:2892: checking if 64bit support is enabled
configure:2906: checking if 64bit Sparc VIS support is requested
configure:2943: checking system version (for dynamic loading)
configure:2972: checking for dlopen in -ldl
configure:2991: gcc -pipe -o conftest    conftest.c -ldl   1>&5
configure:3035: checking for ar
configure:4436: checking for build with symbols
configure:4584: checking for tclsh
