This file contains any messages produced by compilers while
running configure, to aid debugging if configure makes a mistake.

configure:613: checking for correct TEA configuration
configure:694: checking for Tcl configuration
configure:768: checking for existence of /usr/lib/tclConfig.sh
configure:867: checking for Cygwin environment
configure:883: cc -c   conftest.c 1>&5
configure: In function `main':
configure:879: error: `__CYGWIN32__' undeclared (first use in this function)
configure:879: error: (Each undeclared identifier is reported only once
configure:879: error: for each function it appears in.)
configure: failed program was:
#line 872 "configure"
#include "confdefs.h"

int main() {

#ifndef __CYGWIN__
#define __CYGWIN__ __CYGWIN32__
#endif
return __CYGWIN__;
; return 0; }
configure:900: checking for mingw32 environment
configure:912: cc -c   conftest.c 1>&5
configure: In function `main':
configure:908: error: `__MINGW32__' undeclared (first use in this function)
configure:908: error: (Each undeclared identifier is reported only once
configure:908: error: for each function it appears in.)
configure: failed program was:
#line 905 "configure"
#include "confdefs.h"

int main() {
return __MINGW32__;
; return 0; }
configure:929: checking how to run the C preprocessor
configure:950: cc -E  conftest.c >/dev/null 2>conftest.out
configure:1018: checking for gcc
configure:1131: checking whether the C compiler (gcc  ) works
configure:1147: gcc -o conftest    conftest.c  1>&5
configure:1173: checking whether the C compiler (gcc  ) is a cross-compiler
configure:1178: checking whether we are using GNU C
configure:1187: gcc -E conftest.c
configure:1206: checking whether gcc accepts -g
configure:1245: checking if the compiler understands -pipe
configure:1256: gcc -pipe -c   conftest.c 1>&5
configure:1281: checking for a BSD compatible install
configure:1339: checking whether make sets ${MAKE}
configure:1373: checking for ranlib
configure:1406: checking for object suffix
configure:1412: gcc -pipe -c   conftest.c 1>&5
configure:1432: checking for executable suffix
configure:1442: gcc -pipe -o conftest    conftest.c  1>&5
configure:1469: checking for required early compiler flags
configure:1483: gcc -pipe -c   conftest.c 1>&5
configure:1533: gcc -pipe -c   conftest.c 1>&5
configure: In function `main':
configure:1529: error: storage size of 'buf' isn't known
configure: failed program was:
#line 1526 "configure"
#include "confdefs.h"
#include <sys/stat.h>
int main() {
struct stat64 buf; int i = stat64("/", &buf);
; return 0; }
configure:1549: gcc -pipe -c   conftest.c 1>&5
configure:1579: checking for 64-bit integer type
configure:1592: gcc -pipe -c   conftest.c 1>&5
configure: In function `main':
configure:1588: error: `__int64' undeclared (first use in this function)
configure:1588: error: (Each undeclared identifier is reported only once
configure:1588: error: for each function it appears in.)
configure:1588: error: syntax error before "value"
configure: failed program was:
#line 1585 "configure"
#include "confdefs.h"

int main() {
__int64 value = (__int64) 0;
; return 0; }
configure:1610: gcc -pipe -o conftest    conftest.c  1>&5
configure:1635: checking for struct dirent64
configure:1649: gcc -pipe -c   conftest.c 1>&5
configure:1643:24: sys/dirent.h: No such file or directory
configure: In function `main':
configure:1645: error: storage size of 'p' isn't known
configure: failed program was:
#line 1641 "configure"
#include "confdefs.h"
#include <sys/types.h>
#include <sys/dirent.h>
int main() {
struct dirent64 p;
; return 0; }
configure:1670: checking for struct stat64
configure:1684: gcc -pipe -c   conftest.c 1>&5
configure:1705: checking for off64_t
configure:1719: gcc -pipe -c   conftest.c 1>&5
configure:1744: checking dirent.h
configure:1772: gcc -pipe -o conftest    conftest.c  1>&5
configure:1793: checking for errno.h
configure:1803: cc -E  conftest.c >/dev/null 2>conftest.out
configure:1830: checking for float.h
configure:1840: cc -E  conftest.c >/dev/null 2>conftest.out
configure:1867: checking for values.h
configure:1877: cc -E  conftest.c >/dev/null 2>conftest.out
configure:1904: checking for limits.h
configure:1914: cc -E  conftest.c >/dev/null 2>conftest.out
configure:1941: checking for stdlib.h
configure:1951: cc -E  conftest.c >/dev/null 2>conftest.out
configure:2023: checking for string.h
configure:2033: cc -E  conftest.c >/dev/null 2>conftest.out
configure:2096: checking for sys/wait.h
configure:2106: cc -E  conftest.c >/dev/null 2>conftest.out
configure:2133: checking for dlfcn.h
configure:2143: cc -E  conftest.c >/dev/null 2>conftest.out
configure:2175: checking for unistd.h
configure:2185: cc -E  conftest.c >/dev/null 2>conftest.out
configure:2175: checking for sys/param.h
configure:2185: cc -E  conftest.c >/dev/null 2>conftest.out
configure:2215: checking for strtod
configure:2243: gcc -pipe -o conftest    conftest.c  1>&5
configure:2265: checking for Solaris2.4/Tru64 strtod bugs
configure:2290: gcc -pipe -o conftest    conftest.c  1>&5
configure:2328: checking for Tcl public headers
configure:2812: checking for building with threads
configure:2850: checking how to build libraries
configure:2896: checking if 64bit support is enabled
configure:2910: checking if 64bit Sparc VIS support is requested
configure:2947: checking system version (for dynamic loading)
configure:2976: checking for dlopen in -ldl
configure:2995: gcc -pipe -o conftest    conftest.c -ldl   1>&5
configure:3039: checking for ar
configure:4440: checking for build with symbols
configure:4574: checking for postgresql header files
configure:4622: checking for postgresql library files
configure:4757: checking for tclsh
